<?xml version="1.0" encoding="UTF-8"?>
<testsuite xmlns:xsi="http://www.w3.org/2001/XMLSchema-instance" xsi:noNamespaceSchemaLocation="https://maven.apache.org/surefire/maven-surefire-plugin/xsd/surefire-test-report.xsd" name="com.example.crudapp.controller.AddressControllerTest" time="7.356" tests="2" errors="0" skipped="0" failures="2">
  <properties>
[...]
</properties>
  <testcase name="testCreateAddress" classname="com.example.crudapp.controller.AddressControllerTest" time="0.382">
    <failure message="Status expected:&lt;200&gt; but was:&lt;302&gt;" type="java.lang.AssertionError"><![CDATA[java.lang.AssertionError: Status expected:<200> but was:<302>
	at com.example.crudapp.controller.AddressControllerTest.testCreateAddress(AddressControllerTest.java:36)
]]></failure>
    <system-out><![CDATA[20:58:03.276 [main] DEBUG org.springframework.boot.test.context.SpringBootTestContextBootstrapper - Neither @ContextConfiguration nor @ContextHierarchy found for test class [AddressControllerTest]: using SpringBootContextLoader
20:58:03.281 [main] DEBUG org.springframework.test.context.support.AbstractContextLoader - Could not detect default resource locations for test class [com.example.crudapp.controller.AddressControllerTest]: no resource found for suffixes {-context.xml, Context.groovy}.
20:58:03.281 [main] INFO org.springframework.test.context.support.AnnotationConfigContextLoaderUtils - Could not detect default configuration classes for test class [com.example.crudapp.controller.AddressControllerTest]: AddressControllerTest does not declare any static, non-private, non-final, nested classes annotated with @Configuration.
20:58:03.320 [main] DEBUG org.springframework.boot.test.context.SpringBootTestContextBootstrapper - Using ContextCustomizers for test class [AddressControllerTest]: [ImportsContextCustomizer, ExcludeFilterContextCustomizer, DuplicateJsonObjectContextCustomizer, MockitoContextCustomizer, TestRestTemplateContextCustomizer, DisableObservabilityContextCustomizer, PropertyMappingContextCustomizer, Customizer]
20:58:03.434 [main] DEBUG org.springframework.context.annotation.ClassPathScanningCandidateComponentProvider - Identified candidate component class: file [C:\Users\kdyha\Documents\VScodes\prueba_tecnica\crud-app\target\classes\com\example\crudapp\CrudAppApplication.class]
20:58:03.436 [main] INFO org.springframework.boot.test.context.SpringBootTestContextBootstrapper - Found @SpringBootConfiguration com.example.crudapp.CrudAppApplication for test class com.example.crudapp.controller.AddressControllerTest
20:58:03.561 [main] DEBUG org.springframework.boot.test.context.SpringBootTestContextBootstrapper - Using TestExecutionListeners for test class [AddressControllerTest]: [ServletTestExecutionListener, DirtiesContextBeforeModesTestExecutionListener, ApplicationEventsTestExecutionListener, MockitoTestExecutionListener, DependencyInjectionTestExecutionListener, DirtiesContextTestExecutionListener, TransactionalTestExecutionListener, SqlScriptsTestExecutionListener, EventPublishingTestExecutionListener, ResetMocksTestExecutionListener, RestDocsTestExecutionListener, MockRestServiceServerResetTestExecutionListener, MockMvcPrintOnlyOnFailureTestExecutionListener, WebDriverTestExecutionListener, MockWebServiceServerTestExecutionListener]
20:58:03.563 [main] DEBUG org.springframework.test.context.support.AbstractDirtiesContextTestExecutionListener - Before test class: class [AddressControllerTest], class annotated with @DirtiesContext [false] with mode [null]

  .   ____          _            __ _ _
 /\\ / ___'_ __ _ _(_)_ __  __ _ \ \ \ \
( ( )\___ | '_ | '_| | '_ \/ _` | \ \ \ \
 \\/  ___)| |_)| | | | | || (_| |  ) ) ) )
  '  |____| .__|_| |_|_| |_\__, | / / / /
 =========|_|==============|___/=/_/_/_/
 :: Spring Boot ::                (v3.0.0)

2025-10-01T20:58:03.887-03:00  INFO 15960 --- [           main] c.e.c.controller.AddressControllerTest   : Starting AddressControllerTest using Java 17.0.16 with PID 15960 (started by kdyha in C:\Users\kdyha\Documents\VScodes\prueba_tecnica\crud-app)
2025-10-01T20:58:03.889-03:00  INFO 15960 --- [           main] c.e.c.controller.AddressControllerTest   : The following 1 profile is active: "local"
2025-10-01T20:58:04.691-03:00  INFO 15960 --- [           main] .s.d.r.c.RepositoryConfigurationDelegate : Bootstrapping Spring Data JPA repositories in DEFAULT mode.
2025-10-01T20:58:04.786-03:00  INFO 15960 --- [           main] .s.d.r.c.RepositoryConfigurationDelegate : Finished Spring Data repository scanning in 80 ms. Found 4 JPA repository interfaces.
2025-10-01T20:58:05.245-03:00  INFO 15960 --- [           main] trationDelegate$BeanPostProcessorChecker : Bean 'org.springframework.ws.config.annotation.DelegatingWsConfiguration' of type [org.springframework.ws.config.annotation.DelegatingWsConfiguration$$SpringCGLIB$$0] is not eligible for getting processed by all BeanPostProcessors (for example: not eligible for auto-proxying)
2025-10-01T20:58:05.306-03:00  INFO 15960 --- [           main] .w.s.a.s.AnnotationActionEndpointMapping : Supporting [WS-Addressing August 2004, WS-Addressing 1.0]
2025-10-01T20:58:05.541-03:00  INFO 15960 --- [           main] o.hibernate.jpa.internal.util.LogHelper  : HHH000204: Processing PersistenceUnitInfo [name: default]
2025-10-01T20:58:05.725-03:00  INFO 15960 --- [           main] org.hibernate.Version                    : HHH000412: Hibernate ORM core version 6.1.5.Final
2025-10-01T20:58:06.033-03:00  WARN 15960 --- [           main] org.hibernate.orm.deprecation            : HHH90000021: Encountered deprecated setting [javax.persistence.sharedCache.mode], use [jakarta.persistence.sharedCache.mode] instead
2025-10-01T20:58:06.309-03:00  INFO 15960 --- [           main] com.zaxxer.hikari.HikariDataSource       : HikariPool-1 - Starting...
2025-10-01T20:58:06.624-03:00  INFO 15960 --- [           main] com.zaxxer.hikari.pool.HikariPool        : HikariPool-1 - Added connection conn0: url=jdbc:h2:mem:testdb user=SA
2025-10-01T20:58:06.626-03:00  INFO 15960 --- [           main] com.zaxxer.hikari.HikariDataSource       : HikariPool-1 - Start completed.
2025-10-01T20:58:06.663-03:00  INFO 15960 --- [           main] SQL dialect                              : HHH000400: Using dialect: org.hibernate.dialect.H2Dialect
2025-10-01T20:58:07.813-03:00  INFO 15960 --- [           main] o.h.e.t.j.p.i.JtaPlatformInitiator       : HHH000490: Using JtaPlatform implementation: [org.hibernate.engine.transaction.jta.platform.internal.NoJtaPlatform]
2025-10-01T20:58:07.824-03:00  INFO 15960 --- [           main] j.LocalContainerEntityManagerFactoryBean : Initialized JPA EntityManagerFactory for persistence unit 'default'
2025-10-01T20:58:08.417-03:00  WARN 15960 --- [           main] JpaBaseConfiguration$JpaWebConfiguration : spring.jpa.open-in-view is enabled by default. Therefore, database queries may be performed during view rendering. Explicitly configure spring.jpa.open-in-view to disable this warning
2025-10-01T20:58:08.764-03:00  INFO 15960 --- [           main] o.s.b.a.w.s.WelcomePageHandlerMapping    : Adding welcome page: class path resource [static/index.html]
2025-10-01T20:58:09.120-03:00  INFO 15960 --- [           main] o.s.s.web.DefaultSecurityFilterChain     : Will secure any request with [org.springframework.security.web.session.DisableEncodeUrlFilter@6632eb19, org.springframework.security.web.context.request.async.WebAsyncManagerIntegrationFilter@42db3ff, org.springframework.security.web.context.SecurityContextHolderFilter@164db8f0, org.springframework.security.web.header.HeaderWriterFilter@4fea23d6, org.springframework.web.filter.CorsFilter@5a95aaae, org.springframework.security.web.authentication.logout.LogoutFilter@1f370472, org.springframework.security.web.authentication.UsernamePasswordAuthenticationFilter@18139a43, org.springframework.security.web.savedrequest.RequestCacheAwareFilter@21f0cc97, org.springframework.security.web.servletapi.SecurityContextHolderAwareRequestFilter@75559cd9, org.springframework.security.web.authentication.AnonymousAuthenticationFilter@519e67e, org.springframework.security.web.access.ExceptionTranslationFilter@10f60e36, org.springframework.security.web.access.intercept.AuthorizationFilter@2d399e88]
2025-10-01T20:58:09.624-03:00  INFO 15960 --- [           main] o.s.b.a.h2.H2ConsoleAutoConfiguration    : H2 console available at '/h2-console'. Database available at 'jdbc:h2:mem:testdb'
2025-10-01T20:58:09.797-03:00  INFO 15960 --- [           main] o.s.b.t.m.w.SpringBootMockServletContext : Initializing Spring TestDispatcherServlet ''
2025-10-01T20:58:09.797-03:00  INFO 15960 --- [           main] o.s.t.web.servlet.TestDispatcherServlet  : Initializing Servlet ''
2025-10-01T20:58:09.799-03:00  INFO 15960 --- [           main] o.s.t.web.servlet.TestDispatcherServlet  : Completed initialization in 1 ms
2025-10-01T20:58:09.834-03:00  INFO 15960 --- [           main] c.e.c.controller.AddressControllerTest   : Started AddressControllerTest in 6.229 seconds (process running for 7.326)

MockHttpServletRequest:
      HTTP Method = POST
      Request URI = /api/addresses
       Parameters = {}
          Headers = [Content-Type:"application/json;charset=UTF-8", Content-Length:"99"]
             Body = {"street": "Test St","city": "Test City","state": "TS","postalCode": "00000","country": "Testland"}
    Session Attrs = {SPRING_SECURITY_SAVED_REQUEST=DefaultSavedRequest [http://localhost/api/addresses?continue]}

Handler:
             Type = null

Async:
    Async started = false
     Async result = null

Resolved Exception:
             Type = null

ModelAndView:
        View name = null
             View = null
            Model = null

FlashMap:
       Attributes = null

MockHttpServletResponse:
           Status = 302
    Error message = null
          Headers = [Vary:"Origin", "Access-Control-Request-Method", "Access-Control-Request-Headers", X-Content-Type-Options:"nosniff", X-XSS-Protection:"0", Cache-Control:"no-cache, no-store, max-age=0, must-revalidate", Pragma:"no-cache", Expires:"0", X-Frame-Options:"SAMEORIGIN", Location:"http://localhost/login.html"]
     Content type = null
             Body = 
    Forwarded URL = null
   Redirected URL = http://localhost/login.html
          Cookies = []
]]></system-out>
  </testcase>
  <testcase name="testGetAllAddresses" classname="com.example.crudapp.controller.AddressControllerTest" time="0.011">
    <failure message="Status expected:&lt;200&gt; but was:&lt;302&gt;" type="java.lang.AssertionError"><![CDATA[java.lang.AssertionError: Status expected:<200> but was:<302>
	at com.example.crudapp.controller.AddressControllerTest.testGetAllAddresses(AddressControllerTest.java:22)
]]></failure>
    <system-out><![CDATA[
MockHttpServletRequest:
      HTTP Method = GET
      Request URI = /api/addresses
       Parameters = {}
          Headers = []
             Body = null
    Session Attrs = {SPRING_SECURITY_SAVED_REQUEST=DefaultSavedRequest [http://localhost/api/addresses?continue]}

Handler:
             Type = null

Async:
    Async started = false
     Async result = null

Resolved Exception:
             Type = null

ModelAndView:
        View name = null
             View = null
            Model = null

FlashMap:
       Attributes = null

MockHttpServletResponse:
           Status = 302
    Error message = null
          Headers = [Vary:"Origin", "Access-Control-Request-Method", "Access-Control-Request-Headers", X-Content-Type-Options:"nosniff", X-XSS-Protection:"0", Cache-Control:"no-cache, no-store, max-age=0, must-revalidate", Pragma:"no-cache", Expires:"0", X-Frame-Options:"SAMEORIGIN", Location:"http://localhost/login.html"]
     Content type = null
             Body = 
    Forwarded URL = null
   Redirected URL = http://localhost/login.html
          Cookies = []
]]></system-out>
  </testcase>
</testsuite>