<?xml version="1.0" encoding="UTF-8"?>
<testsuite xmlns:xsi="http://www.w3.org/2001/XMLSchema-instance" xsi:noNamespaceSchemaLocation="https://maven.apache.org/surefire/maven-surefire-plugin/xsd/surefire-test-report-3.0.xsd" version="3.0" name="com.example.crudapp.controller.AddressControllerTest" time="6.836" tests="2" errors="0" skipped="0" failures="0">
  <properties>
[...]
</properties>
  <testcase name="testCreateAddress" classname="com.example.crudapp.controller.AddressControllerTest" time="0.576">
    <system-out><![CDATA[23:33:54.788 [main] DEBUG org.springframework.boot.test.context.SpringBootTestContextBootstrapper - Neither @ContextConfiguration nor @ContextHierarchy found for test class [AddressControllerTest]: using SpringBootContextLoader
23:33:54.794 [main] DEBUG org.springframework.test.context.support.AbstractContextLoader - Could not detect default resource locations for test class [com.example.crudapp.controller.AddressControllerTest]: no resource found for suffixes {-context.xml, Context.groovy}.
23:33:54.794 [main] INFO org.springframework.test.context.support.AnnotationConfigContextLoaderUtils - Could not detect default configuration classes for test class [com.example.crudapp.controller.AddressControllerTest]: AddressControllerTest does not declare any static, non-private, non-final, nested classes annotated with @Configuration.
23:33:54.839 [main] DEBUG org.springframework.boot.test.context.SpringBootTestContextBootstrapper - Using ContextCustomizers for test class [AddressControllerTest]: [ImportsContextCustomizer, ExcludeFilterContextCustomizer, DuplicateJsonObjectContextCustomizer, MockitoContextCustomizer, TestRestTemplateContextCustomizer, DisableObservabilityContextCustomizer, PropertyMappingContextCustomizer, Customizer]
23:33:54.951 [main] DEBUG org.springframework.context.annotation.ClassPathScanningCandidateComponentProvider - Identified candidate component class: file [C:\Users\kdyha\Documents\VScodes\prueba_tecnica\crud-app\target\classes\com\example\crudapp\CrudAppApplication.class]
23:33:54.954 [main] INFO org.springframework.boot.test.context.SpringBootTestContextBootstrapper - Found @SpringBootConfiguration com.example.crudapp.CrudAppApplication for test class com.example.crudapp.controller.AddressControllerTest
23:33:55.097 [main] DEBUG org.springframework.boot.test.context.SpringBootTestContextBootstrapper - Using TestExecutionListeners for test class [AddressControllerTest]: [ServletTestExecutionListener, DirtiesContextBeforeModesTestExecutionListener, ApplicationEventsTestExecutionListener, MockitoTestExecutionListener, DependencyInjectionTestExecutionListener, DirtiesContextTestExecutionListener, TransactionalTestExecutionListener, SqlScriptsTestExecutionListener, EventPublishingTestExecutionListener, ResetMocksTestExecutionListener, RestDocsTestExecutionListener, MockRestServiceServerResetTestExecutionListener, MockMvcPrintOnlyOnFailureTestExecutionListener, WebDriverTestExecutionListener, MockWebServiceServerTestExecutionListener]
23:33:55.099 [main] DEBUG org.springframework.test.context.support.AbstractDirtiesContextTestExecutionListener - Before test class: class [AddressControllerTest], class annotated with @DirtiesContext [false] with mode [null]

  .   ____          _            __ _ _
 /\\ / ___'_ __ _ _(_)_ __  __ _ \ \ \ \
( ( )\___ | '_ | '_| | '_ \/ _` | \ \ \ \
 \\/  ___)| |_)| | | | | || (_| |  ) ) ) )
  '  |____| .__|_| |_|_| |_\__, | / / / /
 =========|_|==============|___/=/_/_/_/
 :: Spring Boot ::                (v3.0.0)

2025-10-02T23:33:55.490-03:00  INFO 22272 --- [           main] c.e.c.controller.AddressControllerTest   : Starting AddressControllerTest using Java 17.0.16 with PID 22272 (started by kdyha in c:\Users\kdyha\Documents\VScodes\prueba_tecnica\crud-app)
2025-10-02T23:33:55.491-03:00  INFO 22272 --- [           main] c.e.c.controller.AddressControllerTest   : The following 1 profile is active: "local"
2025-10-02T23:33:56.365-03:00  INFO 22272 --- [           main] .s.d.r.c.RepositoryConfigurationDelegate : Bootstrapping Spring Data JPA repositories in DEFAULT mode.
2025-10-02T23:33:56.460-03:00  INFO 22272 --- [           main] .s.d.r.c.RepositoryConfigurationDelegate : Finished Spring Data repository scanning in 76 ms. Found 4 JPA repository interfaces.
2025-10-02T23:33:56.876-03:00  INFO 22272 --- [           main] trationDelegate$BeanPostProcessorChecker : Bean 'org.springframework.ws.config.annotation.DelegatingWsConfiguration' of type [org.springframework.ws.config.annotation.DelegatingWsConfiguration$$SpringCGLIB$$0] is not eligible for getting processed by all BeanPostProcessors (for example: not eligible for auto-proxying)
2025-10-02T23:33:56.937-03:00  INFO 22272 --- [           main] .w.s.a.s.AnnotationActionEndpointMapping : Supporting [WS-Addressing August 2004, WS-Addressing 1.0]
2025-10-02T23:33:57.173-03:00  INFO 22272 --- [           main] o.hibernate.jpa.internal.util.LogHelper  : HHH000204: Processing PersistenceUnitInfo [name: default]
2025-10-02T23:33:57.268-03:00  INFO 22272 --- [           main] org.hibernate.Version                    : HHH000412: Hibernate ORM core version 6.1.5.Final
2025-10-02T23:33:57.489-03:00  WARN 22272 --- [           main] org.hibernate.orm.deprecation            : HHH90000021: Encountered deprecated setting [javax.persistence.sharedCache.mode], use [jakarta.persistence.sharedCache.mode] instead
2025-10-02T23:33:57.709-03:00  INFO 22272 --- [           main] com.zaxxer.hikari.HikariDataSource       : HikariPool-1 - Starting...
2025-10-02T23:33:57.920-03:00  INFO 22272 --- [           main] com.zaxxer.hikari.pool.HikariPool        : HikariPool-1 - Added connection conn0: url=jdbc:h2:mem:testdb user=SA
2025-10-02T23:33:57.922-03:00  INFO 22272 --- [           main] com.zaxxer.hikari.HikariDataSource       : HikariPool-1 - Start completed.
2025-10-02T23:33:57.944-03:00  INFO 22272 --- [           main] SQL dialect                              : HHH000400: Using dialect: org.hibernate.dialect.H2Dialect
2025-10-02T23:33:58.870-03:00  INFO 22272 --- [           main] o.h.e.t.j.p.i.JtaPlatformInitiator       : HHH000490: Using JtaPlatform implementation: [org.hibernate.engine.transaction.jta.platform.internal.NoJtaPlatform]
2025-10-02T23:33:58.879-03:00  INFO 22272 --- [           main] j.LocalContainerEntityManagerFactoryBean : Initialized JPA EntityManagerFactory for persistence unit 'default'
[Startup] Active profiles: local
[Startup] Resolved JDBC URL: jdbc:h2:mem:testdb
[Startup] spring.datasource.username: sa
[Startup] Env MYSQLHOST/MYSQL_HOST: <null>
[Startup] Env MYSQLPORT/MYSQL_PORT: <null>
[Startup] Env MYSQLDATABASE/MYSQL_DATABASE: <null>
[Startup] SPRING_DATASOURCE_URL present: false
2025-10-02T23:33:59.367-03:00  WARN 22272 --- [           main] JpaBaseConfiguration$JpaWebConfiguration : spring.jpa.open-in-view is enabled by default. Therefore, database queries may be performed during view rendering. Explicitly configure spring.jpa.open-in-view to disable this warning
2025-10-02T23:33:59.418-03:00  WARN 22272 --- [           main] .s.s.UserDetailsServiceAutoConfiguration : 

Using generated security password: 735bf35d-58f7-4efc-8357-e9e1e928bdb9

This generated password is for development use only. Your security configuration must be updated before running your application in production.

2025-10-02T23:33:59.623-03:00  INFO 22272 --- [           main] o.s.b.a.w.s.WelcomePageHandlerMapping    : Adding welcome page: class path resource [static/index.html]
2025-10-02T23:33:59.950-03:00  INFO 22272 --- [           main] o.s.s.web.DefaultSecurityFilterChain     : Will secure any request with [org.springframework.security.web.session.DisableEncodeUrlFilter@7a6e0f3c, org.springframework.security.web.context.request.async.WebAsyncManagerIntegrationFilter@5184da2b, org.springframework.security.web.context.SecurityContextHolderFilter@4e111e08, org.springframework.security.web.header.HeaderWriterFilter@18ad085a, org.springframework.web.filter.CorsFilter@6fa2d0b2, org.springframework.security.web.authentication.logout.LogoutFilter@7dda5b25, org.springframework.security.web.authentication.UsernamePasswordAuthenticationFilter@63ede2a0, org.springframework.security.web.savedrequest.RequestCacheAwareFilter@7bc4ac3e, org.springframework.security.web.servletapi.SecurityContextHolderAwareRequestFilter@7ddcd3d, org.springframework.security.web.authentication.AnonymousAuthenticationFilter@49c37918, org.springframework.security.web.access.ExceptionTranslationFilter@46c19350, org.springframework.security.web.access.intercept.AuthorizationFilter@2b55ea4d]
2025-10-02T23:33:59.964-03:00 DEBUG 22272 --- [           main] yloadRootAnnotationMethodEndpointMapping : Looking for endpoints in application context: org.springframework.web.context.support.GenericWebApplicationContext@3caa4757, started on Thu Oct 02 23:33:55 ART 2025
2025-10-02T23:33:59.966-03:00 DEBUG 22272 --- [           main] yloadRootAnnotationMethodEndpointMapping : Mapped [{http://example.com/crudapp/soap}GetAllAddressesRequest] onto endpoint [public com.example.crudapp.soap.GetAllAddressesResponse com.example.crudapp.soap.CrudEndpoint.getAllAddresses(com.example.crudapp.soap.GetAllAddressesRequest)]
2025-10-02T23:33:59.966-03:00 DEBUG 22272 --- [           main] yloadRootAnnotationMethodEndpointMapping : Mapped [{http://example.com/crudapp/soap}UpdateProfessorRequest] onto endpoint [public com.example.crudapp.soap.UpdateProfessorResponse com.example.crudapp.soap.CrudEndpoint.updateProfessor(com.example.crudapp.soap.UpdateProfessorRequest)]
2025-10-02T23:33:59.967-03:00 DEBUG 22272 --- [           main] yloadRootAnnotationMethodEndpointMapping : Mapped [{http://example.com/crudapp/soap}CreateProfessorRequest] onto endpoint [public com.example.crudapp.soap.CreateProfessorResponse com.example.crudapp.soap.CrudEndpoint.createProfessor(com.example.crudapp.soap.CreateProfessorRequest)]
2025-10-02T23:33:59.967-03:00 DEBUG 22272 --- [           main] yloadRootAnnotationMethodEndpointMapping : Mapped [{http://example.com/crudapp/soap}GetAllProfessorsRequest] onto endpoint [public com.example.crudapp.soap.GetAllProfessorsResponse com.example.crudapp.soap.CrudEndpoint.getAllProfessors(com.example.crudapp.soap.GetAllProfessorsRequest)]
2025-10-02T23:33:59.967-03:00 DEBUG 22272 --- [           main] yloadRootAnnotationMethodEndpointMapping : Mapped [{http://example.com/crudapp/soap}GetProfessorByIdRequest] onto endpoint [public com.example.crudapp.soap.GetProfessorByIdResponse com.example.crudapp.soap.CrudEndpoint.getProfessorById(com.example.crudapp.soap.GetProfessorByIdRequest)]
2025-10-02T23:33:59.967-03:00 DEBUG 22272 --- [           main] yloadRootAnnotationMethodEndpointMapping : Mapped [{http://example.com/crudapp/soap}DeleteProfessorRequest] onto endpoint [public com.example.crudapp.soap.DeleteProfessorResponse com.example.crudapp.soap.CrudEndpoint.deleteProfessor(com.example.crudapp.soap.DeleteProfessorRequest)]
2025-10-02T23:33:59.967-03:00 DEBUG 22272 --- [           main] yloadRootAnnotationMethodEndpointMapping : Mapped [{http://example.com/crudapp/soap}UpdateStudentRequest] onto endpoint [public com.example.crudapp.soap.UpdateStudentResponse com.example.crudapp.soap.CrudEndpoint.updateStudent(com.example.crudapp.soap.UpdateStudentRequest)]
2025-10-02T23:33:59.967-03:00 DEBUG 22272 --- [           main] yloadRootAnnotationMethodEndpointMapping : Mapped [{http://example.com/crudapp/soap}DeleteStudentRequest] onto endpoint [public com.example.crudapp.soap.DeleteStudentResponse com.example.crudapp.soap.CrudEndpoint.deleteStudent(com.example.crudapp.soap.DeleteStudentRequest)]
2025-10-02T23:33:59.967-03:00 DEBUG 22272 --- [           main] yloadRootAnnotationMethodEndpointMapping : Mapped [{http://example.com/crudapp/soap}GetStudentByIdRequest] onto endpoint [public com.example.crudapp.soap.GetStudentByIdResponse com.example.crudapp.soap.CrudEndpoint.getStudentById(com.example.crudapp.soap.GetStudentByIdRequest)]
2025-10-02T23:33:59.967-03:00 DEBUG 22272 --- [           main] yloadRootAnnotationMethodEndpointMapping : Mapped [{http://example.com/crudapp/soap}CreateStudentRequest] onto endpoint [public com.example.crudapp.soap.CreateStudentResponse com.example.crudapp.soap.CrudEndpoint.createStudent(com.example.crudapp.soap.CreateStudentRequest)]
2025-10-02T23:33:59.968-03:00 DEBUG 22272 --- [           main] yloadRootAnnotationMethodEndpointMapping : Mapped [{http://example.com/crudapp/soap}GetAllStudentsRequest] onto endpoint [public com.example.crudapp.soap.GetAllStudentsResponse com.example.crudapp.soap.CrudEndpoint.getAllStudents(com.example.crudapp.soap.GetAllStudentsRequest)]
2025-10-02T23:33:59.968-03:00 DEBUG 22272 --- [           main] yloadRootAnnotationMethodEndpointMapping : Mapped [{http://example.com/crudapp/soap}DeletePersonRequest] onto endpoint [public com.example.crudapp.soap.DeletePersonResponse com.example.crudapp.soap.PersonSoapEndpoint.deletePerson(com.example.crudapp.soap.DeletePersonRequest)]
2025-10-02T23:33:59.968-03:00 DEBUG 22272 --- [           main] yloadRootAnnotationMethodEndpointMapping : Mapped [{http://example.com/crudapp/soap}GetAllPersonsRequest] onto endpoint [public com.example.crudapp.soap.GetAllPersonsResponse com.example.crudapp.soap.PersonSoapEndpoint.getAllPersons(com.example.crudapp.soap.GetAllPersonsRequest)]
2025-10-02T23:33:59.968-03:00 DEBUG 22272 --- [           main] yloadRootAnnotationMethodEndpointMapping : Mapped [{http://example.com/crudapp/soap}CreatePersonRequest] onto endpoint [public com.example.crudapp.soap.CreatePersonResponse com.example.crudapp.soap.PersonSoapEndpoint.createPerson(com.example.crudapp.soap.CreatePersonRequest)]
2025-10-02T23:33:59.968-03:00 DEBUG 22272 --- [           main] yloadRootAnnotationMethodEndpointMapping : Mapped [{http://example.com/crudapp/soap}UpdatePersonRequest] onto endpoint [public com.example.crudapp.soap.UpdatePersonResponse com.example.crudapp.soap.PersonSoapEndpoint.updatePerson(com.example.crudapp.soap.UpdatePersonRequest)]
2025-10-02T23:33:59.968-03:00 DEBUG 22272 --- [           main] yloadRootAnnotationMethodEndpointMapping : Mapped [{http://example.com/crudapp/soap}GetPersonByIdRequest] onto endpoint [public com.example.crudapp.soap.GetPersonByIdResponse com.example.crudapp.soap.PersonSoapEndpoint.getPersonById(com.example.crudapp.soap.GetPersonByIdRequest)]
2025-10-02T23:33:59.972-03:00 DEBUG 22272 --- [           main] oapActionAnnotationMethodEndpointMapping : Looking for endpoints in application context: org.springframework.web.context.support.GenericWebApplicationContext@3caa4757, started on Thu Oct 02 23:33:55 ART 2025
2025-10-02T23:33:59.989-03:00 DEBUG 22272 --- [           main] o.s.w.s.e.a.DefaultMethodEndpointAdapter : No MethodArgumentResolvers set, using defaults: [org.springframework.ws.server.endpoint.adapter.method.dom.DomPayloadMethodProcessor@5837cb9e, org.springframework.ws.server.endpoint.adapter.method.MessageContextMethodArgumentResolver@74d3b331, org.springframework.ws.server.endpoint.adapter.method.SourcePayloadMethodProcessor@13552290, org.springframework.ws.server.endpoint.adapter.method.XPathParamMethodArgumentResolver@188ab96, org.springframework.ws.soap.server.endpoint.adapter.method.SoapMethodArgumentResolver@6705fb02, org.springframework.ws.soap.server.endpoint.adapter.method.SoapHeaderElementMethodArgumentResolver@e2696e8, org.springframework.ws.server.endpoint.adapter.method.jaxb.XmlRootElementPayloadMethodProcessor@345d641e, org.springframework.ws.server.endpoint.adapter.method.jaxb.JaxbElementPayloadMethodProcessor@70cdbd18, org.springframework.ws.server.endpoint.adapter.method.StaxPayloadMethodArgumentResolver@38d895e8]
2025-10-02T23:33:59.990-03:00 DEBUG 22272 --- [           main] o.s.w.s.e.a.DefaultMethodEndpointAdapter : No MethodReturnValueHandlers set, using defaults: [org.springframework.ws.server.endpoint.adapter.method.dom.DomPayloadMethodProcessor@2f3d5cd, org.springframework.ws.server.endpoint.adapter.method.SourcePayloadMethodProcessor@5dd12c19, org.springframework.ws.server.endpoint.adapter.method.jaxb.XmlRootElementPayloadMethodProcessor@40696fc6, org.springframework.ws.server.endpoint.adapter.method.jaxb.JaxbElementPayloadMethodProcessor@3ce2c5f6]
2025-10-02T23:34:00.004-03:00 DEBUG 22272 --- [           main] o.s.oxm.jaxb.Jaxb2Marshaller             : Creating JAXBContext by scanning packages [com.example.crudapp.soap]
2025-10-02T23:34:00.025-03:00 DEBUG 22272 --- [           main] o.s.oxm.jaxb.Jaxb2Marshaller             : Found JAXB2 classes: [class com.example.crudapp.soap.AddressSoapDTO,class com.example.crudapp.soap.CreatePersonRequest,class com.example.crudapp.soap.CreatePersonResponse,class com.example.crudapp.soap.CreateProfessorRequest,class com.example.crudapp.soap.CreateProfessorResponse,class com.example.crudapp.soap.CreateStudentRequest,class com.example.crudapp.soap.CreateStudentResponse,class com.example.crudapp.soap.DeletePersonRequest,class com.example.crudapp.soap.DeletePersonResponse,class com.example.crudapp.soap.DeleteProfessorRequest,class com.example.crudapp.soap.DeleteProfessorResponse,class com.example.crudapp.soap.DeleteStudentRequest,class com.example.crudapp.soap.DeleteStudentResponse,class com.example.crudapp.soap.GetAllAddressesRequest,class com.example.crudapp.soap.GetAllAddressesResponse,class com.example.crudapp.soap.GetAllPersonsRequest,class com.example.crudapp.soap.GetAllPersonsResponse,class com.example.crudapp.soap.GetAllProfessorsRequest,class com.example.crudapp.soap.GetAllProfessorsResponse,class com.example.crudapp.soap.GetAllStudentsRequest,class com.example.crudapp.soap.GetAllStudentsResponse,class com.example.crudapp.soap.GetPersonByIdRequest,class com.example.crudapp.soap.GetPersonByIdResponse,class com.example.crudapp.soap.GetProfessorByIdRequest,class com.example.crudapp.soap.GetProfessorByIdResponse,class com.example.crudapp.soap.GetStudentByIdRequest,class com.example.crudapp.soap.GetStudentByIdResponse,class com.example.crudapp.soap.PersonSoapDTO,class com.example.crudapp.soap.ProfessorSoapDTO,class com.example.crudapp.soap.StudentSoapDTO,class com.example.crudapp.soap.UpdatePersonRequest,class com.example.crudapp.soap.UpdatePersonResponse,class com.example.crudapp.soap.UpdateProfessorRequest,class com.example.crudapp.soap.UpdateProfessorResponse,class com.example.crudapp.soap.UpdateStudentRequest,class com.example.crudapp.soap.UpdateStudentResponse]
2025-10-02T23:34:00.533-03:00  INFO 22272 --- [           main] o.s.b.a.h2.H2ConsoleAutoConfiguration    : H2 console available at '/h2-console'. Database available at 'jdbc:h2:mem:testdb'
2025-10-02T23:34:00.624-03:00  INFO 22272 --- [           main] o.s.b.t.m.w.SpringBootMockServletContext : Initializing Spring TestDispatcherServlet ''
2025-10-02T23:34:00.624-03:00  INFO 22272 --- [           main] o.s.t.web.servlet.TestDispatcherServlet  : Initializing Servlet ''
2025-10-02T23:34:00.625-03:00  INFO 22272 --- [           main] o.s.t.web.servlet.TestDispatcherServlet  : Completed initialization in 1 ms
2025-10-02T23:34:00.647-03:00  INFO 22272 --- [           main] c.e.c.controller.AddressControllerTest   : Started AddressControllerTest in 5.49 seconds (process running for 6.678)
]]></system-out>
  </testcase>
  <testcase name="testGetAllAddresses" classname="com.example.crudapp.controller.AddressControllerTest" time="0.157"/>
</testsuite>