<?xml version="1.0" encoding="UTF-8"?>
<testsuite xmlns:xsi="http://www.w3.org/2001/XMLSchema-instance" xsi:noNamespaceSchemaLocation="https://maven.apache.org/surefire/maven-surefire-plugin/xsd/surefire-test-report-3.0.xsd" version="3.0" name="com.example.crudapp.CrudAppApplicationTests" time="0.86" tests="1" errors="0" skipped="0" failures="0">
  <properties>
[...]
</properties>
  <testcase name="contextLoads" classname="com.example.crudapp.CrudAppApplicationTests" time="0.01">
    <system-out><![CDATA[2025-10-02T23:34:01.625-03:00  INFO 22272 --- [           main] t.c.s.AnnotationConfigContextLoaderUtils : Could not detect default configuration classes for test class [com.example.crudapp.CrudAppApplicationTests]: CrudAppApplicationTests does not declare any static, non-private, non-final, nested classes annotated with @Configuration.
2025-10-02T23:34:01.634-03:00  INFO 22272 --- [           main] .b.t.c.SpringBootTestContextBootstrapper : Found @SpringBootConfiguration com.example.crudapp.CrudAppApplication for test class com.example.crudapp.CrudAppApplicationTests

  .   ____          _            __ _ _
 /\\ / ___'_ __ _ _(_)_ __  __ _ \ \ \ \
( ( )\___ | '_ | '_| | '_ \/ _` | \ \ \ \
 \\/  ___)| |_)| | | | | || (_| |  ) ) ) )
  '  |____| .__|_| |_|_| |_\__, | / / / /
 =========|_|==============|___/=/_/_/_/
 :: Spring Boot ::                (v3.0.0)

2025-10-02T23:34:01.678-03:00  INFO 22272 --- [           main] c.e.crudapp.CrudAppApplicationTests      : Starting CrudAppApplicationTests using Java 17.0.16 with PID 22272 (started by kdyha in c:\Users\kdyha\Documents\VScodes\prueba_tecnica\crud-app)
2025-10-02T23:34:01.679-03:00  INFO 22272 --- [           main] c.e.crudapp.CrudAppApplicationTests      : The following 1 profile is active: "local"
2025-10-02T23:34:01.870-03:00  INFO 22272 --- [           main] .s.d.r.c.RepositoryConfigurationDelegate : Bootstrapping Spring Data JPA repositories in DEFAULT mode.
2025-10-02T23:34:01.887-03:00  INFO 22272 --- [           main] .s.d.r.c.RepositoryConfigurationDelegate : Finished Spring Data repository scanning in 16 ms. Found 4 JPA repository interfaces.
2025-10-02T23:34:01.929-03:00  INFO 22272 --- [           main] trationDelegate$BeanPostProcessorChecker : Bean 'org.springframework.ws.config.annotation.DelegatingWsConfiguration' of type [org.springframework.ws.config.annotation.DelegatingWsConfiguration$$SpringCGLIB$$0] is not eligible for getting processed by all BeanPostProcessors (for example: not eligible for auto-proxying)
2025-10-02T23:34:01.931-03:00  INFO 22272 --- [           main] .w.s.a.s.AnnotationActionEndpointMapping : Supporting [WS-Addressing August 2004, WS-Addressing 1.0]
2025-10-02T23:34:01.966-03:00  INFO 22272 --- [           main] o.hibernate.jpa.internal.util.LogHelper  : HHH000204: Processing PersistenceUnitInfo [name: default]
2025-10-02T23:34:01.971-03:00  WARN 22272 --- [           main] org.hibernate.orm.deprecation            : HHH90000021: Encountered deprecated setting [javax.persistence.sharedCache.mode], use [jakarta.persistence.sharedCache.mode] instead
2025-10-02T23:34:01.976-03:00  INFO 22272 --- [           main] com.zaxxer.hikari.HikariDataSource       : HikariPool-2 - Starting...
2025-10-02T23:34:01.977-03:00  INFO 22272 --- [           main] com.zaxxer.hikari.pool.HikariPool        : HikariPool-2 - Added connection conn10: url=jdbc:h2:mem:testdb user=SA
2025-10-02T23:34:01.977-03:00  INFO 22272 --- [           main] com.zaxxer.hikari.HikariDataSource       : HikariPool-2 - Start completed.
2025-10-02T23:34:01.977-03:00  INFO 22272 --- [           main] SQL dialect                              : HHH000400: Using dialect: org.hibernate.dialect.H2Dialect
2025-10-02T23:34:02.077-03:00  INFO 22272 --- [           main] o.h.e.t.j.p.i.JtaPlatformInitiator       : HHH000490: Using JtaPlatform implementation: [org.hibernate.engine.transaction.jta.platform.internal.NoJtaPlatform]
2025-10-02T23:34:02.078-03:00  INFO 22272 --- [           main] j.LocalContainerEntityManagerFactoryBean : Initialized JPA EntityManagerFactory for persistence unit 'default'
[Startup] Active profiles: local
[Startup] Resolved JDBC URL: jdbc:h2:mem:testdb
[Startup] spring.datasource.username: sa
[Startup] Env MYSQLHOST/MYSQL_HOST: <null>
[Startup] Env MYSQLPORT/MYSQL_PORT: <null>
[Startup] Env MYSQLDATABASE/MYSQL_DATABASE: <null>
[Startup] SPRING_DATASOURCE_URL present: false
2025-10-02T23:34:02.214-03:00  WARN 22272 --- [           main] JpaBaseConfiguration$JpaWebConfiguration : spring.jpa.open-in-view is enabled by default. Therefore, database queries may be performed during view rendering. Explicitly configure spring.jpa.open-in-view to disable this warning
2025-10-02T23:34:02.227-03:00  WARN 22272 --- [           main] .s.s.UserDetailsServiceAutoConfiguration : 

Using generated security password: 50221263-4c68-4aad-a07b-6238071a1dd9

This generated password is for development use only. Your security configuration must be updated before running your application in production.

2025-10-02T23:34:02.235-03:00  INFO 22272 --- [           main] o.s.b.a.w.s.WelcomePageHandlerMapping    : Adding welcome page: class path resource [static/index.html]
2025-10-02T23:34:02.309-03:00  INFO 22272 --- [           main] o.s.s.web.DefaultSecurityFilterChain     : Will secure any request with [org.springframework.security.web.session.DisableEncodeUrlFilter@620ba2b0, org.springframework.security.web.context.request.async.WebAsyncManagerIntegrationFilter@6a06b374, org.springframework.security.web.context.SecurityContextHolderFilter@621c7b91, org.springframework.security.web.header.HeaderWriterFilter@7c9d2ed7, org.springframework.web.filter.CorsFilter@2c634c0, org.springframework.security.web.authentication.logout.LogoutFilter@ab7ac41, org.springframework.security.web.authentication.UsernamePasswordAuthenticationFilter@bd8f424, org.springframework.security.web.savedrequest.RequestCacheAwareFilter@223e51e4, org.springframework.security.web.servletapi.SecurityContextHolderAwareRequestFilter@1e08f0cd, org.springframework.security.web.authentication.AnonymousAuthenticationFilter@4e739968, org.springframework.security.web.access.ExceptionTranslationFilter@1934a7c1, org.springframework.security.web.access.intercept.AuthorizationFilter@3c3a8246]
2025-10-02T23:34:02.312-03:00 DEBUG 22272 --- [           main] yloadRootAnnotationMethodEndpointMapping : Looking for endpoints in application context: org.springframework.web.context.support.GenericWebApplicationContext@5c70eda4, started on Thu Oct 02 23:34:01 ART 2025
2025-10-02T23:34:02.313-03:00 DEBUG 22272 --- [           main] yloadRootAnnotationMethodEndpointMapping : Mapped [{http://example.com/crudapp/soap}GetAllAddressesRequest] onto endpoint [public com.example.crudapp.soap.GetAllAddressesResponse com.example.crudapp.soap.CrudEndpoint.getAllAddresses(com.example.crudapp.soap.GetAllAddressesRequest)]
2025-10-02T23:34:02.313-03:00 DEBUG 22272 --- [           main] yloadRootAnnotationMethodEndpointMapping : Mapped [{http://example.com/crudapp/soap}UpdateProfessorRequest] onto endpoint [public com.example.crudapp.soap.UpdateProfessorResponse com.example.crudapp.soap.CrudEndpoint.updateProfessor(com.example.crudapp.soap.UpdateProfessorRequest)]
2025-10-02T23:34:02.314-03:00 DEBUG 22272 --- [           main] yloadRootAnnotationMethodEndpointMapping : Mapped [{http://example.com/crudapp/soap}CreateProfessorRequest] onto endpoint [public com.example.crudapp.soap.CreateProfessorResponse com.example.crudapp.soap.CrudEndpoint.createProfessor(com.example.crudapp.soap.CreateProfessorRequest)]
2025-10-02T23:34:02.314-03:00 DEBUG 22272 --- [           main] yloadRootAnnotationMethodEndpointMapping : Mapped [{http://example.com/crudapp/soap}GetAllProfessorsRequest] onto endpoint [public com.example.crudapp.soap.GetAllProfessorsResponse com.example.crudapp.soap.CrudEndpoint.getAllProfessors(com.example.crudapp.soap.GetAllProfessorsRequest)]
2025-10-02T23:34:02.314-03:00 DEBUG 22272 --- [           main] yloadRootAnnotationMethodEndpointMapping : Mapped [{http://example.com/crudapp/soap}GetProfessorByIdRequest] onto endpoint [public com.example.crudapp.soap.GetProfessorByIdResponse com.example.crudapp.soap.CrudEndpoint.getProfessorById(com.example.crudapp.soap.GetProfessorByIdRequest)]
2025-10-02T23:34:02.314-03:00 DEBUG 22272 --- [           main] yloadRootAnnotationMethodEndpointMapping : Mapped [{http://example.com/crudapp/soap}DeleteProfessorRequest] onto endpoint [public com.example.crudapp.soap.DeleteProfessorResponse com.example.crudapp.soap.CrudEndpoint.deleteProfessor(com.example.crudapp.soap.DeleteProfessorRequest)]
2025-10-02T23:34:02.314-03:00 DEBUG 22272 --- [           main] yloadRootAnnotationMethodEndpointMapping : Mapped [{http://example.com/crudapp/soap}UpdateStudentRequest] onto endpoint [public com.example.crudapp.soap.UpdateStudentResponse com.example.crudapp.soap.CrudEndpoint.updateStudent(com.example.crudapp.soap.UpdateStudentRequest)]
2025-10-02T23:34:02.314-03:00 DEBUG 22272 --- [           main] yloadRootAnnotationMethodEndpointMapping : Mapped [{http://example.com/crudapp/soap}DeleteStudentRequest] onto endpoint [public com.example.crudapp.soap.DeleteStudentResponse com.example.crudapp.soap.CrudEndpoint.deleteStudent(com.example.crudapp.soap.DeleteStudentRequest)]
2025-10-02T23:34:02.314-03:00 DEBUG 22272 --- [           main] yloadRootAnnotationMethodEndpointMapping : Mapped [{http://example.com/crudapp/soap}GetStudentByIdRequest] onto endpoint [public com.example.crudapp.soap.GetStudentByIdResponse com.example.crudapp.soap.CrudEndpoint.getStudentById(com.example.crudapp.soap.GetStudentByIdRequest)]
2025-10-02T23:34:02.315-03:00 DEBUG 22272 --- [           main] yloadRootAnnotationMethodEndpointMapping : Mapped [{http://example.com/crudapp/soap}CreateStudentRequest] onto endpoint [public com.example.crudapp.soap.CreateStudentResponse com.example.crudapp.soap.CrudEndpoint.createStudent(com.example.crudapp.soap.CreateStudentRequest)]
2025-10-02T23:34:02.316-03:00 DEBUG 22272 --- [           main] yloadRootAnnotationMethodEndpointMapping : Mapped [{http://example.com/crudapp/soap}GetAllStudentsRequest] onto endpoint [public com.example.crudapp.soap.GetAllStudentsResponse com.example.crudapp.soap.CrudEndpoint.getAllStudents(com.example.crudapp.soap.GetAllStudentsRequest)]
2025-10-02T23:34:02.316-03:00 DEBUG 22272 --- [           main] yloadRootAnnotationMethodEndpointMapping : Mapped [{http://example.com/crudapp/soap}DeletePersonRequest] onto endpoint [public com.example.crudapp.soap.DeletePersonResponse com.example.crudapp.soap.PersonSoapEndpoint.deletePerson(com.example.crudapp.soap.DeletePersonRequest)]
2025-10-02T23:34:02.316-03:00 DEBUG 22272 --- [           main] yloadRootAnnotationMethodEndpointMapping : Mapped [{http://example.com/crudapp/soap}GetAllPersonsRequest] onto endpoint [public com.example.crudapp.soap.GetAllPersonsResponse com.example.crudapp.soap.PersonSoapEndpoint.getAllPersons(com.example.crudapp.soap.GetAllPersonsRequest)]
2025-10-02T23:34:02.316-03:00 DEBUG 22272 --- [           main] yloadRootAnnotationMethodEndpointMapping : Mapped [{http://example.com/crudapp/soap}CreatePersonRequest] onto endpoint [public com.example.crudapp.soap.CreatePersonResponse com.example.crudapp.soap.PersonSoapEndpoint.createPerson(com.example.crudapp.soap.CreatePersonRequest)]
2025-10-02T23:34:02.316-03:00 DEBUG 22272 --- [           main] yloadRootAnnotationMethodEndpointMapping : Mapped [{http://example.com/crudapp/soap}UpdatePersonRequest] onto endpoint [public com.example.crudapp.soap.UpdatePersonResponse com.example.crudapp.soap.PersonSoapEndpoint.updatePerson(com.example.crudapp.soap.UpdatePersonRequest)]
2025-10-02T23:34:02.317-03:00 DEBUG 22272 --- [           main] yloadRootAnnotationMethodEndpointMapping : Mapped [{http://example.com/crudapp/soap}GetPersonByIdRequest] onto endpoint [public com.example.crudapp.soap.GetPersonByIdResponse com.example.crudapp.soap.PersonSoapEndpoint.getPersonById(com.example.crudapp.soap.GetPersonByIdRequest)]
2025-10-02T23:34:02.322-03:00 DEBUG 22272 --- [           main] oapActionAnnotationMethodEndpointMapping : Looking for endpoints in application context: org.springframework.web.context.support.GenericWebApplicationContext@5c70eda4, started on Thu Oct 02 23:34:01 ART 2025
2025-10-02T23:34:02.331-03:00 DEBUG 22272 --- [           main] o.s.w.s.e.a.DefaultMethodEndpointAdapter : No MethodArgumentResolvers set, using defaults: [org.springframework.ws.server.endpoint.adapter.method.dom.DomPayloadMethodProcessor@4f290f46, org.springframework.ws.server.endpoint.adapter.method.MessageContextMethodArgumentResolver@2bfe398b, org.springframework.ws.server.endpoint.adapter.method.SourcePayloadMethodProcessor@4a23be9, org.springframework.ws.server.endpoint.adapter.method.XPathParamMethodArgumentResolver@20d1737, org.springframework.ws.soap.server.endpoint.adapter.method.SoapMethodArgumentResolver@5d96b0f, org.springframework.ws.soap.server.endpoint.adapter.method.SoapHeaderElementMethodArgumentResolver@5f31385e, org.springframework.ws.server.endpoint.adapter.method.jaxb.XmlRootElementPayloadMethodProcessor@4a592d22, org.springframework.ws.server.endpoint.adapter.method.jaxb.JaxbElementPayloadMethodProcessor@20072ff1, org.springframework.ws.server.endpoint.adapter.method.StaxPayloadMethodArgumentResolver@6e48b9ed]
2025-10-02T23:34:02.333-03:00 DEBUG 22272 --- [           main] o.s.w.s.e.a.DefaultMethodEndpointAdapter : No MethodReturnValueHandlers set, using defaults: [org.springframework.ws.server.endpoint.adapter.method.dom.DomPayloadMethodProcessor@38ed9fb2, org.springframework.ws.server.endpoint.adapter.method.SourcePayloadMethodProcessor@3bde85b0, org.springframework.ws.server.endpoint.adapter.method.jaxb.XmlRootElementPayloadMethodProcessor@22bf4d9d, org.springframework.ws.server.endpoint.adapter.method.jaxb.JaxbElementPayloadMethodProcessor@9930ff6]
2025-10-02T23:34:02.339-03:00 DEBUG 22272 --- [           main] o.s.oxm.jaxb.Jaxb2Marshaller             : Creating JAXBContext by scanning packages [com.example.crudapp.soap]
2025-10-02T23:34:02.354-03:00 DEBUG 22272 --- [           main] o.s.oxm.jaxb.Jaxb2Marshaller             : Found JAXB2 classes: [class com.example.crudapp.soap.AddressSoapDTO,class com.example.crudapp.soap.CreatePersonRequest,class com.example.crudapp.soap.CreatePersonResponse,class com.example.crudapp.soap.CreateProfessorRequest,class com.example.crudapp.soap.CreateProfessorResponse,class com.example.crudapp.soap.CreateStudentRequest,class com.example.crudapp.soap.CreateStudentResponse,class com.example.crudapp.soap.DeletePersonRequest,class com.example.crudapp.soap.DeletePersonResponse,class com.example.crudapp.soap.DeleteProfessorRequest,class com.example.crudapp.soap.DeleteProfessorResponse,class com.example.crudapp.soap.DeleteStudentRequest,class com.example.crudapp.soap.DeleteStudentResponse,class com.example.crudapp.soap.GetAllAddressesRequest,class com.example.crudapp.soap.GetAllAddressesResponse,class com.example.crudapp.soap.GetAllPersonsRequest,class com.example.crudapp.soap.GetAllPersonsResponse,class com.example.crudapp.soap.GetAllProfessorsRequest,class com.example.crudapp.soap.GetAllProfessorsResponse,class com.example.crudapp.soap.GetAllStudentsRequest,class com.example.crudapp.soap.GetAllStudentsResponse,class com.example.crudapp.soap.GetPersonByIdRequest,class com.example.crudapp.soap.GetPersonByIdResponse,class com.example.crudapp.soap.GetProfessorByIdRequest,class com.example.crudapp.soap.GetProfessorByIdResponse,class com.example.crudapp.soap.GetStudentByIdRequest,class com.example.crudapp.soap.GetStudentByIdResponse,class com.example.crudapp.soap.PersonSoapDTO,class com.example.crudapp.soap.ProfessorSoapDTO,class com.example.crudapp.soap.StudentSoapDTO,class com.example.crudapp.soap.UpdatePersonRequest,class com.example.crudapp.soap.UpdatePersonResponse,class com.example.crudapp.soap.UpdateProfessorRequest,class com.example.crudapp.soap.UpdateProfessorResponse,class com.example.crudapp.soap.UpdateStudentRequest,class com.example.crudapp.soap.UpdateStudentResponse]
2025-10-02T23:34:02.443-03:00  INFO 22272 --- [           main] o.s.b.a.h2.H2ConsoleAutoConfiguration    : H2 console available at '/h2-console'. Database available at 'jdbc:h2:mem:testdb'
2025-10-02T23:34:02.469-03:00  INFO 22272 --- [           main] c.e.crudapp.CrudAppApplicationTests      : Started CrudAppApplicationTests in 0.829 seconds (process running for 8.5)
]]></system-out>
  </testcase>
</testsuite>